#-----------------------------------------------------------
# Vivado v2020.2 (64-bit)
# SW Build 3064766 on Wed Nov 18 09:12:45 MST 2020
# IP Build 3064653 on Wed Nov 18 14:17:31 MST 2020
# Start of session at: Wed Dec 29 11:08:18 2021
# Process ID: 4020
# Current directory: C:/source/diplomskiRad/riscv_core
# Command line: vivado.exe -gui_launcher_event rodinguilauncherevent11796 C:\source\diplomskiRad\riscv_core\riscv_core.xpr
# Log file: C:/source/diplomskiRad/riscv_core/vivado.log
# Journal file: C:/source/diplomskiRad/riscv_core\vivado.jou
#-----------------------------------------------------------
start_gui
open_project C:/source/diplomskiRad/riscv_core/riscv_core.xpr
WARNING: [filemgmt 56-3] Default IP Output Path : Could not find the directory 'C:/source/diplomskiRad/riscv_core/riscv_core.gen/sources_1'.
Scanning sources...
Finished scanning sources
WARNING: [Project 1-509] GeneratedRun file for 'synth_1' not found
INFO: [IP_Flow 19-234] Refreshing IP repositories
INFO: [IP_Flow 19-1704] No user IP repositories specified
INFO: [IP_Flow 19-2313] Loaded Vivado IP repository 'C:/Xilinx/Vivado/2020.2/data/ip'.
open_project: Time (s): cpu = 00:00:13 ; elapsed = 00:00:07 . Memory (MB): peak = 1095.055 ; gain = 0.000
update_compile_order -fileset sources_1
close [ open C:/source/diplomskiRad/riscv_core/riscv_core.srcs/sources_1/new/native_to_axi.v w ]
add_files C:/source/diplomskiRad/riscv_core/riscv_core.srcs/sources_1/new/native_to_axi.v
update_compile_order -fileset sources_1
set_property file_type SystemVerilog [get_files  C:/source/diplomskiRad/riscv_core/riscv_core.srcs/sources_1/new/native_to_axi.v]
exit
INFO: [Common 17-206] Exiting Vivado at Wed Dec 29 14:08:28 2021...
