#-----------------------------------------------------------
# Vivado v2020.2 (64-bit)
# SW Build 3064766 on Wed Nov 18 09:12:45 MST 2020
# IP Build 3064653 on Wed Nov 18 14:17:31 MST 2020
# Start of session at: Wed Dec 22 14:30:09 2021
# Process ID: 7160
# Current directory: C:/source/diplomskiRad/riscv_core
# Command line: vivado.exe -gui_launcher_event rodinguilauncherevent4588 C:\source\diplomskiRad\riscv_core\riscv_core.xpr
# Log file: C:/source/diplomskiRad/riscv_core/vivado.log
# Journal file: C:/source/diplomskiRad/riscv_core\vivado.jou
#-----------------------------------------------------------
start_gui
open_project C:/source/diplomskiRad/riscv_core/riscv_core.xpr
INFO: [Project 1-313] Project file moved from 'D:/diplomski_projekt/riscv_core' since last save.
WARNING: [filemgmt 56-2] Default IP Output Path : Could not find the directory 'C:/source/diplomskiRad/riscv_core/riscv_core.gen/sources_1', nor could it be found using path 'D:/diplomski_projekt/riscv_core/riscv_core.gen/sources_1'.
Scanning sources...
Finished scanning sources
INFO: [IP_Flow 19-234] Refreshing IP repositories
INFO: [IP_Flow 19-1704] No user IP repositories specified
INFO: [IP_Flow 19-2313] Loaded Vivado IP repository 'C:/Xilinx/Vivado/2020.2/data/ip'.
open_project: Time (s): cpu = 00:00:15 ; elapsed = 00:00:08 . Memory (MB): peak = 1094.391 ; gain = 0.000
update_compile_order -fileset sources_1
exit
INFO: [Common 17-206] Exiting Vivado at Wed Dec 22 19:09:12 2021...
